<?xml version="1.0" encoding="UTF-8"?>
<!-- Generated by org.testng.reporters.JUnitReportReporter -->
<testsuite hostname="LAPTOP-GJFA8BNB" failures="0" tests="2" name="testCases.TS_001_SimpleForm" time="25.856" errors="0" timestamp="2023-10-15T22:58:35 IST" skipped="0">
  <testcase classname="testCases.TS_001_SimpleForm" name="simpleForm" time="13.430"/>
  <testcase classname="testCases.TS_001_SimpleForm" name="simpleForm" time="12.426"/>
</testsuite> <!-- testCases.TS_001_SimpleForm -->
