<?xml version="1.0" encoding="UTF-8"?>
<!-- Generated by org.testng.reporters.JUnitReportReporter -->
<testsuite hostname="LAPTOP-GJFA8BNB" failures="0" tests="2" name="testCases.TS_003_FormDemo" time="3.173" errors="0" timestamp="2023-10-15T22:58:35 IST" skipped="0">
  <testcase classname="testCases.TS_003_FormDemo" name="formDemo" time="1.702"/>
  <testcase classname="testCases.TS_003_FormDemo" name="formDemo" time="1.471"/>
</testsuite> <!-- testCases.TS_003_FormDemo -->
