<?xml version="1.0" encoding="UTF-8"?>
<!-- Generated by org.testng.reporters.JUnitReportReporter -->
<testsuite hostname="LAPTOP-GJFA8BNB" failures="0" tests="2" name="testCases.TS_002_SliderDemo" time="1.391" errors="0" timestamp="2023-10-15T23:07:17 IST" skipped="0">
  <testcase classname="testCases.TS_002_SliderDemo" name="sliderdemo" time="0.692"/>
  <testcase classname="testCases.TS_002_SliderDemo" name="sliderdemo" time="0.699"/>
</testsuite> <!-- testCases.TS_002_SliderDemo -->
