<?xml version="1.0" encoding="UTF-8"?>
<!-- Generated by org.testng.reporters.JUnitReportReporter -->
<testsuite hostname="LAPTOP-GJFA8BNB" failures="0" tests="2" name="testCases.TS_001_SimpleForm" time="23.508" errors="0" timestamp="2023-10-15T23:07:17 IST" skipped="0">
  <testcase classname="testCases.TS_001_SimpleForm" name="simpleForm" time="11.589"/>
  <testcase classname="testCases.TS_001_SimpleForm" name="simpleForm" time="11.919"/>
</testsuite> <!-- testCases.TS_001_SimpleForm -->
