<?xml version="1.0" encoding="UTF-8"?>
<!-- Generated by org.testng.reporters.JUnitReportReporter -->
<testsuite hostname="LAPTOP-GJFA8BNB" failures="0" tests="2" name="testCases.TS_003_FormDemo" time="3.272" errors="0" timestamp="2023-10-15T23:07:17 IST" skipped="0">
  <testcase classname="testCases.TS_003_FormDemo" name="formDemo" time="1.819"/>
  <testcase classname="testCases.TS_003_FormDemo" name="formDemo" time="1.453"/>
</testsuite> <!-- testCases.TS_003_FormDemo -->
